<?xml version="1.0" encoding="UTF-8"?>
<!-- Generated by org.testng.reporters.JUnitReportReporter -->
<testsuite hostname="MobilitCoesiMac" failures="0" tests="1" name="com.dev.build.BuildDev" time="0.008" errors="0" timestamp="7 Jan 2020 10:30:26 GMT">
  <testcase classname="com.dev.build.BuildDev" name="devBuild" time="0.008"/>
</testsuite> <!-- com.dev.build.BuildDev -->
